This is pdfTeX, Version 3.14159265-2.6-1.40.21 (TeX Live 2020) (preloaded format=pdflatex 2020.5.8)  8 MAY 2020 12:29
entering extended mode
 restricted \write18 enabled.
 file:line:error style messages enabled.
 %&-line parsing enabled.
**main.tex
(./main.tex
LaTeX2e <2020-02-02> patch level 5
L3 programming layer <2020-05-05> (/usr/local/texlive/2020/texmf-dist/tex/latex/base/article.cls
Document Class: article 2019/12/20 v1.4l Standard LaTeX document class
(/usr/local/texlive/2020/texmf-dist/tex/latex/base/size10.clo
File: size10.clo 2019/12/20 v1.4l Standard LaTeX file (size option)
)
\c@part=\count167
\c@section=\count168
\c@subsection=\count169
\c@subsubsection=\count170
\c@paragraph=\count171
\c@subparagraph=\count172
\c@figure=\count173
\c@table=\count174
\abovecaptionskip=\skip47
\belowcaptionskip=\skip48
\bibindent=\dimen134
) (./preamble.tex (/usr/local/texlive/2020/texmf-dist/tex/latex/geometry/geometry.sty
Package: geometry 2020/01/02 v5.9 Page Geometry
 (/usr/local/texlive/2020/texmf-dist/tex/latex/graphics/keyval.sty
Package: keyval 2014/10/28 v1.15 key=value parser (DPC)
\KV@toks@=\toks15
) (/usr/local/texlive/2020/texmf-dist/tex/generic/iftex/ifvtex.sty
Package: ifvtex 2019/10/25 v1.7 ifvtex legacy package. Use iftex instead.
 (/usr/local/texlive/2020/texmf-dist/tex/generic/iftex/iftex.sty
Package: iftex 2020/03/06 v1.0d TeX engine tests
))
\Gm@cnth=\count175
\Gm@cntv=\count176
\c@Gm@tempcnt=\count177
\Gm@bindingoffset=\dimen135
\Gm@wd@mp=\dimen136
\Gm@odd@mp=\dimen137
\Gm@even@mp=\dimen138
\Gm@layoutwidth=\dimen139
\Gm@layoutheight=\dimen140
\Gm@layouthoffset=\dimen141
\Gm@layoutvoffset=\dimen142
\Gm@dimlist=\toks16
) (/usr/local/texlive/2020/texmf-dist/tex/latex/base/inputenc.sty
Package: inputenc 2018/08/11 v1.3c Input encoding file
\inpenc@prehook=\toks17
\inpenc@posthook=\toks18
) (/usr/local/texlive/2020/texmf-dist/tex/latex/graphics/graphicx.sty
Package: graphicx 2019/11/30 v1.2a Enhanced LaTeX Graphics (DPC,SPQR)
 (/usr/local/texlive/2020/texmf-dist/tex/latex/graphics/graphics.sty
Package: graphics 2019/11/30 v1.4a Standard LaTeX Graphics (DPC,SPQR)
 (/usr/local/texlive/2020/texmf-dist/tex/latex/graphics/trig.sty
Package: trig 2016/01/03 v1.10 sin cos tan (DPC)
) (/usr/local/texlive/2020/texmf-dist/tex/latex/graphics-cfg/graphics.cfg
File: graphics.cfg 2016/06/04 v1.11 sample graphics configuration
)
Package graphics Info: Driver file: pdftex.def on input line 105.
 (/usr/local/texlive/2020/texmf-dist/tex/latex/graphics-def/pdftex.def
File: pdftex.def 2018/01/08 v1.0l Graphics/color driver for pdftex
))
\Gin@req@height=\dimen143
\Gin@req@width=\dimen144
) (/usr/local/texlive/2020/texmf-dist/tex/latex/wrapfig/wrapfig.sty
\wrapoverhang=\dimen145
\WF@size=\dimen146
\c@WF@wrappedlines=\count178
\WF@box=\box45
\WF@everypar=\toks19
Package: wrapfig 2003/01/31  v 3.6
) (/usr/local/texlive/2020/texmf-dist/tex/latex/footmisc/footmisc.sty
Package: footmisc 2011/06/06 v5.5b a miscellany of footnote facilities
\FN@temptoken=\toks20
\footnotemargin=\dimen147
\c@pp@next@reset=\count179
Package footmisc Info: Declaring symbol style bringhurst on input line 855.
Package footmisc Info: Declaring symbol style chicago on input line 863.
Package footmisc Info: Declaring symbol style wiley on input line 872.
Package footmisc Info: Declaring symbol style lamport-robust on input line 883.
Package footmisc Info: Declaring symbol style lamport* on input line 903.
Package footmisc Info: Declaring symbol style lamport*-robust on input line 924.
) (/usr/local/texlive/2020/texmf-dist/tex/latex/listings/listings.sty
\lst@mode=\count180
\lst@gtempboxa=\box46
\lst@token=\toks21
\lst@length=\count181
\lst@currlwidth=\dimen148
\lst@column=\count182
\lst@pos=\count183
\lst@lostspace=\dimen149
\lst@width=\dimen150
\lst@newlines=\count184
\lst@lineno=\count185
\lst@maxwidth=\dimen151

(/usr/local/texlive/2020/texmf-dist/tex/latex/listings/lstmisc.sty
File: lstmisc.sty 2020/03/24 1.8d (Carsten Heinz)
\c@lstnumber=\count186
\lst@skipnumbers=\count187
\lst@framebox=\box47
) (/usr/local/texlive/2020/texmf-dist/tex/latex/listings/listings.cfg
File: listings.cfg 2020/03/24 1.8d listings configuration
))
Package: listings 2020/03/24 1.8d (Carsten Heinz)
 (/usr/local/texlive/2020/texmf-dist/tex/latex/enumitem/enumitem.sty
Package: enumitem 2019/06/20 v3.9 Customized lists
\labelindent=\skip49
\enit@outerparindent=\dimen152
\enit@toks=\toks22
\enit@inbox=\box48
\enit@count@id=\count188
\enitdp@description=\count189
) (/usr/local/texlive/2020/texmf-dist/tex/latex/ragged2e/ragged2e.sty
Package: ragged2e 2019/07/28 v2.2 ragged2e Package (MS)
 (/usr/local/texlive/2020/texmf-dist/tex/latex/ms/everysel.sty
Package: everysel 2011/10/28 v1.2 EverySelectfont Package (MS)
)
\CenteringLeftskip=\skip50
\RaggedLeftLeftskip=\skip51
\RaggedRightLeftskip=\skip52
\CenteringRightskip=\skip53
\RaggedLeftRightskip=\skip54
\RaggedRightRightskip=\skip55
\CenteringParfillskip=\skip56
\RaggedLeftParfillskip=\skip57
\RaggedRightParfillskip=\skip58
\JustifyingParfillskip=\skip59
\CenteringParindent=\skip60
\RaggedLeftParindent=\skip61
\RaggedRightParindent=\skip62
\JustifyingParindent=\skip63
) (/usr/local/texlive/2020/texmf-dist/tex/latex/tools/array.sty
Package: array 2019/08/31 v2.4l Tabular extension package (FMi)
\col@sep=\dimen153
\ar@mcellbox=\box49
\extrarowheight=\dimen154
\NC@list=\toks23
\extratabsurround=\skip64
\backup@length=\skip65
\ar@cellbox=\box50
) (/usr/local/texlive/2020/texmf-dist/tex/latex/xcolor/xcolor.sty
Package: xcolor 2016/05/11 v2.12 LaTeX color extensions (UK)
 (/usr/local/texlive/2020/texmf-dist/tex/latex/graphics-cfg/color.cfg
File: color.cfg 2016/01/02 v1.6 sample color configuration
)
Package xcolor Info: Driver file: pdftex.def on input line 225.
 (/usr/local/texlive/2020/texmf-dist/tex/latex/colortbl/colortbl.sty
Package: colortbl 2020/01/04 v1.0e Color table columns (DPC)
\everycr=\toks24
\minrowclearance=\skip66
)
\rownum=\count190
Package xcolor Info: Model `cmy' substituted by `cmy0' on input line 1348.
Package xcolor Info: Model `hsb' substituted by `rgb' on input line 1352.
Package xcolor Info: Model `RGB' extended on input line 1364.
Package xcolor Info: Model `HTML' substituted by `rgb' on input line 1366.
Package xcolor Info: Model `Hsb' substituted by `hsb' on input line 1367.
Package xcolor Info: Model `tHsb' substituted by `hsb' on input line 1368.
Package xcolor Info: Model `HSB' substituted by `hsb' on input line 1369.
Package xcolor Info: Model `Gray' substituted by `gray' on input line 1370.
Package xcolor Info: Model `wave' substituted by `hsb' on input line 1371.
) (/usr/local/texlive/2020/texmf-dist/tex/latex/multirow/multirow.sty
Package: multirow 2019/05/31 v2.5 Span multiple rows of a table
\multirow@colwidth=\skip67
\multirow@cntb=\count191
\multirow@dima=\skip68
\bigstrutjot=\dimen155
) (/usr/local/texlive/2020/texmf-dist/tex/latex/booktabs/booktabs.sty
Package: booktabs 2020/01/12 v1.61803398 Publication quality tables
\heavyrulewidth=\dimen156
\lightrulewidth=\dimen157
\cmidrulewidth=\dimen158
\belowrulesep=\dimen159
\belowbottomsep=\dimen160
\aboverulesep=\dimen161
\abovetopsep=\dimen162
\cmidrulesep=\dimen163
\cmidrulekern=\dimen164
\defaultaddspace=\dimen165
\@cmidla=\count192
\@cmidlb=\count193
\@aboverulesep=\dimen166
\@belowrulesep=\dimen167
\@thisruleclass=\count194
\@lastruleclass=\count195
\@thisrulewidth=\dimen168
) (/usr/local/texlive/2020/texmf-dist/tex/latex/tools/hhline.sty
Package: hhline 2020/01/04 v2.04 Table rule package (DPC)
) (/usr/local/texlive/2020/texmf-dist/tex/latex/amsmath/amsmath.sty
Package: amsmath 2020/01/20 v2.17e AMS math features
\@mathmargin=\skip69

For additional information on amsmath, use the `?' option.
(/usr/local/texlive/2020/texmf-dist/tex/latex/amsmath/amstext.sty
Package: amstext 2000/06/29 v2.01 AMS text
 (/usr/local/texlive/2020/texmf-dist/tex/latex/amsmath/amsgen.sty
File: amsgen.sty 1999/11/30 v2.0 generic functions
\@emptytoks=\toks25
\ex@=\dimen169
)) (/usr/local/texlive/2020/texmf-dist/tex/latex/amsmath/amsbsy.sty
Package: amsbsy 1999/11/29 v1.2d Bold Symbols
\pmbraise@=\dimen170
) (/usr/local/texlive/2020/texmf-dist/tex/latex/amsmath/amsopn.sty
Package: amsopn 2016/03/08 v2.02 operator names
)
\inf@bad=\count196
LaTeX Info: Redefining \frac on input line 227.
\uproot@=\count197
\leftroot@=\count198
LaTeX Info: Redefining \overline on input line 389.
\classnum@=\count199
\DOTSCASE@=\count266
LaTeX Info: Redefining \ldots on input line 486.
LaTeX Info: Redefining \dots on input line 489.
LaTeX Info: Redefining \cdots on input line 610.
\Mathstrutbox@=\box51
\strutbox@=\box52
\big@size=\dimen171
LaTeX Font Info:    Redeclaring font encoding OML on input line 733.
LaTeX Font Info:    Redeclaring font encoding OMS on input line 734.
\macc@depth=\count267
\c@MaxMatrixCols=\count268
\dotsspace@=\muskip16
\c@parentequation=\count269
\dspbrk@lvl=\count270
\tag@help=\toks26
\row@=\count271
\column@=\count272
\maxfields@=\count273
\andhelp@=\toks27
\eqnshift@=\dimen172
\alignsep@=\dimen173
\tagshift@=\dimen174
\tagwidth@=\dimen175
\totwidth@=\dimen176
\lineht@=\dimen177
\@envbody=\toks28
\multlinegap=\skip70
\multlinetaggap=\skip71
\mathdisplay@stack=\toks29
LaTeX Info: Redefining \[ on input line 2859.
LaTeX Info: Redefining \] on input line 2860.
) (/usr/local/texlive/2020/texmf-dist/tex/latex/amsfonts/amssymb.sty
Package: amssymb 2013/01/14 v3.01 AMS font symbols
 (/usr/local/texlive/2020/texmf-dist/tex/latex/amsfonts/amsfonts.sty
Package: amsfonts 2013/01/14 v3.01 Basic AMSFonts support
\symAMSa=\mathgroup4
\symAMSb=\mathgroup5
LaTeX Font Info:    Redeclaring math symbol \hbar on input line 98.
LaTeX Font Info:    Overwriting math alphabet `\mathfrak' in version `bold'
(Font)                  U/euf/m/n --> U/euf/b/n on input line 106.
)) (/usr/local/texlive/2020/texmf-dist/tex/latex/tools/multicol.sty
Package: multicol 2019/12/09 v1.8y multicolumn formatting (FMi)
\c@tracingmulticols=\count274
\mult@box=\box53
\multicol@leftmargin=\dimen178
\c@unbalance=\count275
\c@collectmore=\count276
\doublecol@number=\count277
\multicoltolerance=\count278
\multicolpretolerance=\count279
\full@width=\dimen179
\page@free=\dimen180
\premulticols=\dimen181
\postmulticols=\dimen182
\multicolsep=\skip72
\multicolbaselineskip=\skip73
\partial@page=\box54
\last@line=\box55
\maxbalancingoverflow=\dimen183
\mult@rightbox=\box56
\mult@grightbox=\box57
\mult@gfirstbox=\box58
\mult@firstbox=\box59
\@tempa=\box60
\@tempa=\box61
\@tempa=\box62
\@tempa=\box63
\@tempa=\box64
\@tempa=\box65
\@tempa=\box66
\@tempa=\box67
\@tempa=\box68
\@tempa=\box69
\@tempa=\box70
\@tempa=\box71
\@tempa=\box72
\@tempa=\box73
\@tempa=\box74
\@tempa=\box75
\@tempa=\box76
\@tempa=\box77
\@tempa=\box78
\@tempa=\box79
\@tempa=\box80
\@tempa=\box81
\@tempa=\box82
\@tempa=\box83
\@tempa=\box84
\@tempa=\box85
\@tempa=\box86
\@tempa=\box87
\@tempa=\box88
\@tempa=\box89
\@tempa=\box90
\@tempa=\box91
\@tempa=\box92
\@tempa=\box93
\@tempa=\box94
\@tempa=\box95
\@tempa=\box96
\c@minrows=\count280
\c@columnbadness=\count281
\c@finalcolumnbadness=\count282
\last@try=\dimen184
\multicolovershoot=\dimen185
\multicolundershoot=\dimen186
\mult@nat@firstbox=\box97
\colbreak@box=\box98
\mc@col@check@num=\count283
) (/usr/local/texlive/2020/texmf-dist/tex/latex/lipsum/lipsum.sty (/usr/local/texlive/2020/texmf-dist/tex/latex/l3kernel/expl3.sty
Package: expl3 2020-05-05 L3 programming layer (loader) 
 (/usr/local/texlive/2020/texmf-dist/tex/latex/l3backend/l3backend-pdfmode.def
File: l3backend-pdfmode.def 2020-05-05 L3 backend support: PDF mode
\l__kernel_color_stack_int=\count284
\l__pdf_internal_box=\box99
)) (/usr/local/texlive/2020/texmf-dist/tex/latex/l3packages/xparse/xparse.sty
Package: xparse 2020-03-06 L3 Experimental document command parser
\l__xparse_current_arg_int=\count285
\g__xparse_grabber_int=\count286
\l__xparse_m_args_int=\count287
\l__xparse_v_nesting_int=\count288
)
Package: lipsum 2019/01/02 v2.2 150 paragraphs of Lorem Ipsum dummy text
 (/usr/local/texlive/2020/texmf-dist/tex/latex/lipsum/lipsum.ltd.tex
File: lipsum.ltd.tex 2019/01/02 v2.2 The Lorem ipsum dummy text
)) (/usr/local/texlive/2020/texmf-dist/tex/latex/hyphenat/hyphenat.sty
Package: hyphenat 2009/09/02 v2.3c hyphenation utilities
\langwohyphens=\language86
LaTeX Info: Redefining \_ on input line 43.
) (/usr/local/texlive/2020/texmf-dist/tex/latex/url/url.sty
\Urlmuskip=\muskip17
Package: url 2013/09/16  ver 3.4  Verb mode for urls, etc.
)
(/usr/local/texlive/2020/texmf-dist/tex/latex/graphics/rotating.sty
Package: rotating 2016/08/11 v2.16d rotated objects in LaTeX
 (/usr/local/texlive/2020/texmf-dist/tex/latex/base/ifthen.sty
Package: ifthen 2014/09/29 v1.1c Standard LaTeX ifthen package (DPC)
)
\c@r@tfl@t=\count289
\rotFPtop=\skip74
\rotFPbot=\skip75
\rot@float@box=\box100
\rot@mess@toks=\toks30
) (/usr/local/texlive/2020/texmf-dist/tex/latex/base/fontenc.sty
Package: fontenc 2020/02/11 v2.0o Standard LaTeX package
) (/usr/local/texlive/2020/texmf-dist/tex/latex/base/textcomp.sty
Package: textcomp 2020/02/02 v2.0n Standard LaTeX package
) (/usr/local/texlive/2020/texmf-dist/tex/latex/setspace/setspace.sty
Package: setspace 2011/12/19 v6.7a set line spacing
) (/usr/local/texlive/2020/texmf-dist/tex/latex/titlesec/titlesec.sty
Package: titlesec 2019/10/16 v2.13 Sectioning titles
\ttl@box=\box101
\beforetitleunit=\skip76
\aftertitleunit=\skip77
\ttl@plus=\dimen187
\ttl@minus=\dimen188
\ttl@toksa=\toks31
\titlewidth=\dimen189
\titlewidthlast=\dimen190
\titlewidthfirst=\dimen191
)) (./main.aux)
\openout1 = `main.aux'.

LaTeX Font Info:    Checking defaults for OML/cmm/m/it on input line 15.
LaTeX Font Info:    ... okay on input line 15.
LaTeX Font Info:    Checking defaults for OMS/cmsy/m/n on input line 15.
LaTeX Font Info:    ... okay on input line 15.
LaTeX Font Info:    Checking defaults for OT1/cmr/m/n on input line 15.
LaTeX Font Info:    ... okay on input line 15.
LaTeX Font Info:    Checking defaults for T1/cmr/m/n on input line 15.
LaTeX Font Info:    ... okay on input line 15.
LaTeX Font Info:    Checking defaults for TS1/cmr/m/n on input line 15.
LaTeX Font Info:    ... okay on input line 15.
LaTeX Font Info:    Checking defaults for OMX/cmex/m/n on input line 15.
LaTeX Font Info:    ... okay on input line 15.
LaTeX Font Info:    Checking defaults for U/cmr/m/n on input line 15.
LaTeX Font Info:    ... okay on input line 15.

*geometry* driver: auto-detecting
*geometry* detected driver: pdftex
*geometry* verbose mode - [ preamble ] result:
* driver: pdftex
* paper: custom
* layout: <same size as paper>
* layoutoffset:(h,v)=(0.0pt,0.0pt)
* modes: 
* h-part:(L,W,R)=(28.45274pt, 340.5795pt, 28.45274pt)
* v-part:(T,H,B)=(56.9055pt, 500.484pt, 56.9055pt)
* \paperwidth=397.48499pt
* \paperheight=614.295pt
* \textwidth=340.5795pt
* \textheight=500.484pt
* \oddsidemargin=-43.81725pt
* \evensidemargin=-43.81725pt
* \topmargin=-52.36449pt
* \headheight=12.0pt
* \headsep=25.0pt
* \topskip=10.0pt
* \footskip=30.0pt
* \marginparwidth=65.0pt
* \marginparsep=11.0pt
* \columnsep=10.0pt
* \skip\footins=9.0pt plus 4.0pt minus 2.0pt
* \hoffset=0.0pt
* \voffset=0.0pt
* \mag=1000
* \@twocolumnfalse
* \@twosidefalse
* \@mparswitchfalse
* \@reversemarginfalse
* (1in=72.27pt=25.4mm, 1cm=28.453pt)

(/usr/local/texlive/2020/texmf-dist/tex/context/base/mkii/supp-pdf.mkii
[Loading MPS to PDF converter (version 2006.09.02).]
\scratchcounter=\count290
\scratchdimen=\dimen192
\scratchbox=\box102
\nofMPsegments=\count291
\nofMParguments=\count292
\everyMPshowfont=\toks32
\MPscratchCnt=\count293
\MPscratchDim=\dimen193
\MPnumerator=\count294
\makeMPintoPDFobject=\count295
\everyMPtoPDFconversion=\toks33
) (/usr/local/texlive/2020/texmf-dist/tex/latex/epstopdf-pkg/epstopdf-base.sty
Package: epstopdf-base 2020-01-24 v2.11 Base part for package epstopdf
Package epstopdf-base Info: Redefining graphics rule for `.eps' on input line 485.
 (/usr/local/texlive/2020/texmf-dist/tex/latex/latexconfig/epstopdf-sys.cfg
File: epstopdf-sys.cfg 2010/07/13 v1.3 Configuration of (r)epstopdf for TeX Live
))
\c@lstlisting=\count296
 ABD: EverySelectfont initializing macros
LaTeX Info: Redefining \selectfont on input line 15.
LaTeX Font Info:    Trying to load font information for U+msa on input line 16.
 (/usr/local/texlive/2020/texmf-dist/tex/latex/amsfonts/umsa.fd
File: umsa.fd 2013/01/14 v3.01 AMS symbols A
)
LaTeX Font Info:    Trying to load font information for U+msb on input line 16.
 (/usr/local/texlive/2020/texmf-dist/tex/latex/amsfonts/umsb.fd
File: umsb.fd 2013/01/14 v3.01 AMS symbols B
)
LaTeX Font Info:    Trying to load font information for T1+cmtt on input line 16.
 (/usr/local/texlive/2020/texmf-dist/tex/latex/base/t1cmtt.fd
File: t1cmtt.fd 2019/12/16 v2.5j Standard LaTeX font definitions
) (./copyright.tex) (./abstract.tex) (./intro.tex [1

{/usr/local/texlive/2020/texmf-var/fonts/map/pdftex/updmap/pdftex.map}] [2] [3]) (./methods.tex
<developmentcycle4.jpg, id=23, 722.7pt x 406.51875pt>
File: developmentcycle4.jpg Graphic file (type jpg)
<use developmentcycle4.jpg>
Package pdftex.def Info: developmentcycle4.jpg  used on input line 6.
(pdftex.def)             Requested size: 340.5795pt x 191.57867pt.
 [4] [5 <./developmentcycle4.jpg>] [6] [7]
<kanban.jpg, id=38, 2913.88625pt x 1567.8575pt>
File: kanban.jpg Graphic file (type jpg)
<use kanban.jpg>
Package pdftex.def Info: kanban.jpg  used on input line 40.
(pdftex.def)             Requested size: 340.5795pt x 183.23045pt.


LaTeX Warning: `h' float specifier changed to `ht'.

[8] [9 <./kanban.jpg>] [10] [11] [12] [13]) (./results.tex [14]
Overfull \hbox (1.67145pt too wide) in paragraph at lines 22--22
[]|\T1/cmr/m/n/10 SA| 
 []


Overfull \hbox (1.8103pt too wide) in paragraph at lines 22--23
[]|\T1/cmr/m/n/10 SD| 
 []


Overfull \hbox (6.94794pt too wide) in paragraph at lines 24--24
[]|\T1/cmr/m/n/10 80%| 
 []


Overfull \hbox (6.94794pt too wide) in paragraph at lines 24--24
[]|\T1/cmr/m/n/10 20%| 
 []


Overfull \hbox (2.5179pt too wide) in paragraph at lines 24--24
[]|\T1/cmr/m/n/10 0%| 
 []


Overfull \hbox (1.94916pt too wide) in paragraph at lines 24--24
[]|\T1/cmr/m/n/10 0%| 
 []


Overfull \hbox (1.94916pt too wide) in paragraph at lines 24--25
[]|\T1/cmr/m/n/10 0%| 
 []


Overfull \hbox (6.94794pt too wide) in paragraph at lines 25--25
[]|\T1/cmr/m/n/10 70%| 
 []


Overfull \hbox (6.94794pt too wide) in paragraph at lines 25--25
[]|\T1/cmr/m/n/10 20%| 
 []


Overfull \hbox (7.51668pt too wide) in paragraph at lines 25--25
[]|\T1/cmr/m/n/10 10%| 
 []


Overfull \hbox (1.94916pt too wide) in paragraph at lines 25--25
[]|\T1/cmr/m/n/10 0%| 
 []


Overfull \hbox (1.94916pt too wide) in paragraph at lines 25--26
[]|\T1/cmr/m/n/10 0%| 
 []


Overfull \hbox (6.94794pt too wide) in paragraph at lines 26--26
[]|\T1/cmr/m/n/10 60%| 
 []


Overfull \hbox (6.94794pt too wide) in paragraph at lines 26--26
[]|\T1/cmr/m/n/10 40%| 
 []


Overfull \hbox (2.5179pt too wide) in paragraph at lines 26--26
[]|\T1/cmr/m/n/10 0%| 
 []


Overfull \hbox (1.94916pt too wide) in paragraph at lines 26--26
[]|\T1/cmr/m/n/10 0%| 
 []


Overfull \hbox (1.94916pt too wide) in paragraph at lines 26--27
[]|\T1/cmr/m/n/10 0%| 
 []


Overfull \hbox (6.94794pt too wide) in paragraph at lines 27--27
[]|\T1/cmr/m/n/10 90%| 
 []


Overfull \hbox (6.94794pt too wide) in paragraph at lines 27--27
[]|\T1/cmr/m/n/10 10%| 
 []


Overfull \hbox (2.5179pt too wide) in paragraph at lines 27--27
[]|\T1/cmr/m/n/10 0%| 
 []


Overfull \hbox (1.94916pt too wide) in paragraph at lines 27--27
[]|\T1/cmr/m/n/10 0%| 
 []


Overfull \hbox (1.94916pt too wide) in paragraph at lines 27--28
[]|\T1/cmr/m/n/10 0%| 
 []


Overfull \hbox (6.94794pt too wide) in paragraph at lines 28--28
[]|\T1/cmr/m/n/10 20%| 
 []


Overfull \hbox (6.94794pt too wide) in paragraph at lines 28--28
[]|\T1/cmr/m/n/10 20%| 
 []


Overfull \hbox (7.51668pt too wide) in paragraph at lines 28--28
[]|\T1/cmr/m/n/10 50%| 
 []


Overfull \hbox (6.94794pt too wide) in paragraph at lines 28--28
[]|\T1/cmr/m/n/10 10%| 
 []


Overfull \hbox (1.94916pt too wide) in paragraph at lines 28--29
[]|\T1/cmr/m/n/10 0%| 
 []

[15] [16]
Overfull \hbox (1.67145pt too wide) in paragraph at lines 99--99
[]|\T1/cmr/m/n/10 SA| 
 []


Overfull \hbox (1.8103pt too wide) in paragraph at lines 99--100
[]|\T1/cmr/m/n/10 SD| 
 []


Overfull \hbox (6.94794pt too wide) in paragraph at lines 101--101
[]|\T1/cmr/m/n/10 50%| 
 []


Overfull \hbox (6.94794pt too wide) in paragraph at lines 101--101
[]|\T1/cmr/m/n/10 20%| 
 []


Overfull \hbox (6.94794pt too wide) in paragraph at lines 101--101
[]|\T1/cmr/m/n/10 10%| 
 []


Overfull \hbox (6.94794pt too wide) in paragraph at lines 101--101
[]|\T1/cmr/m/n/10 20%| 
 []


Overfull \hbox (1.94916pt too wide) in paragraph at lines 101--102
[]|\T1/cmr/m/n/10 0%| 
 []


Underfull \hbox (badness 2205) in paragraph at lines 102--102
[]|\T1/cmr/m/n/10 After soft-ware, tasks be-
 []


Overfull \hbox (6.94794pt too wide) in paragraph at lines 102--102
[]|\T1/cmr/m/n/10 70%| 
 []


Overfull \hbox (1.94916pt too wide) in paragraph at lines 102--102
[]|\T1/cmr/m/n/10 0%| 
 []


Overfull \hbox (6.94794pt too wide) in paragraph at lines 102--102
[]|\T1/cmr/m/n/10 10%| 
 []


Overfull \hbox (6.94794pt too wide) in paragraph at lines 102--102
[]|\T1/cmr/m/n/10 20%| 
 []


Overfull \hbox (1.94916pt too wide) in paragraph at lines 102--103
[]|\T1/cmr/m/n/10 0%| 
 []


Overfull \hbox (6.94794pt too wide) in paragraph at lines 103--103
[]|\T1/cmr/m/n/10 50%| 
 []


Overfull \hbox (6.94794pt too wide) in paragraph at lines 103--103
[]|\T1/cmr/m/n/10 40%| 
 []


Overfull \hbox (6.94794pt too wide) in paragraph at lines 103--103
[]|\T1/cmr/m/n/10 10%| 
 []


Overfull \hbox (1.94916pt too wide) in paragraph at lines 103--103
[]|\T1/cmr/m/n/10 0%| 
 []


Overfull \hbox (1.94916pt too wide) in paragraph at lines 103--104
[]|\T1/cmr/m/n/10 0%| 
 []


Overfull \hbox (6.94794pt too wide) in paragraph at lines 104--104
[]|\T1/cmr/m/n/10 80%| 
 []


Overfull \hbox (6.94794pt too wide) in paragraph at lines 104--104
[]|\T1/cmr/m/n/10 10%| 
 []


Overfull \hbox (1.94916pt too wide) in paragraph at lines 104--104
[]|\T1/cmr/m/n/10 0%| 
 []


Overfull \hbox (1.94916pt too wide) in paragraph at lines 104--104
[]|\T1/cmr/m/n/10 0%| 
 []


Overfull \hbox (6.94794pt too wide) in paragraph at lines 104--105
[]|\T1/cmr/m/n/10 10%| 
 []


Overfull \hbox (1.67145pt too wide) in paragraph at lines 121--121
[]|\T1/cmr/m/n/10 SA| 
 []


Overfull \hbox (1.8103pt too wide) in paragraph at lines 121--122
[]|\T1/cmr/m/n/10 SD| 
 []


Overfull \hbox (6.94794pt too wide) in paragraph at lines 123--123
[]|\T1/cmr/m/n/10 60%| 
 []


Overfull \hbox (6.94794pt too wide) in paragraph at lines 123--123
[]|\T1/cmr/m/n/10 40%| 
 []


Overfull \hbox (1.94916pt too wide) in paragraph at lines 123--123
[]|\T1/cmr/m/n/10 0%| 
 []


Overfull \hbox (1.94916pt too wide) in paragraph at lines 123--123
[]|\T1/cmr/m/n/10 0%| 
 []


Overfull \hbox (1.94916pt too wide) in paragraph at lines 123--124
[]|\T1/cmr/m/n/10 0%| 
 []


Overfull \hbox (6.94794pt too wide) in paragraph at lines 124--124
[]|\T1/cmr/m/n/10 70%| 
 []


Overfull \hbox (6.94794pt too wide) in paragraph at lines 124--124
[]|\T1/cmr/m/n/10 20%| 
 []


Overfull \hbox (1.94916pt too wide) in paragraph at lines 124--124
[]|\T1/cmr/m/n/10 0%| 
 []


Overfull \hbox (6.94794pt too wide) in paragraph at lines 124--124
[]|\T1/cmr/m/n/10 10%| 
 []


Overfull \hbox (1.94916pt too wide) in paragraph at lines 124--125
[]|\T1/cmr/m/n/10 0%| 
 []


Underfull \hbox (badness 3108) in paragraph at lines 125--125
[]|\T1/cmr/m/n/10 Removing soft-ware would
 []


Overfull \hbox (6.94794pt too wide) in paragraph at lines 125--125
[]|\T1/cmr/m/n/10 80%| 
 []


Overfull \hbox (6.94794pt too wide) in paragraph at lines 125--125
[]|\T1/cmr/m/n/10 10%| 
 []


Overfull \hbox (6.94794pt too wide) in paragraph at lines 125--125
[]|\T1/cmr/m/n/10 10%| 
 []


Overfull \hbox (1.94916pt too wide) in paragraph at lines 125--125
[]|\T1/cmr/m/n/10 0%| 
 []


Overfull \hbox (1.94916pt too wide) in paragraph at lines 125--126
[]|\T1/cmr/m/n/10 0%| 
 []


Underfull \hbox (badness 3108) in paragraph at lines 126--126
[]|\T1/cmr/m/n/10 Removing soft-ware would
 []


Overfull \hbox (6.94794pt too wide) in paragraph at lines 126--126
[]|\T1/cmr/m/n/10 40%| 
 []


Overfull \hbox (6.94794pt too wide) in paragraph at lines 126--126
[]|\T1/cmr/m/n/10 40%| 
 []


Overfull \hbox (6.94794pt too wide) in paragraph at lines 126--126
[]|\T1/cmr/m/n/10 20%| 
 []


Overfull \hbox (1.94916pt too wide) in paragraph at lines 126--126
[]|\T1/cmr/m/n/10 0%| 
 []


Overfull \hbox (1.94916pt too wide) in paragraph at lines 126--127
[]|\T1/cmr/m/n/10 0%| 
 []


Underfull \hbox (badness 3108) in paragraph at lines 127--127
[]|\T1/cmr/m/n/10 Removing soft-ware would
 []


Overfull \hbox (6.94794pt too wide) in paragraph at lines 127--127
[]|\T1/cmr/m/n/10 50%| 
 []


Overfull \hbox (6.94794pt too wide) in paragraph at lines 127--127
[]|\T1/cmr/m/n/10 10%| 
 []


Overfull \hbox (6.94794pt too wide) in paragraph at lines 127--127
[]|\T1/cmr/m/n/10 10%| 
 []


Overfull \hbox (1.94916pt too wide) in paragraph at lines 127--127
[]|\T1/cmr/m/n/10 0%| 
 []


Overfull \hbox (6.94794pt too wide) in paragraph at lines 127--128
[]|\T1/cmr/m/n/10 30%| 
 []


Underfull \hbox (badness 3108) in paragraph at lines 128--128
[]|\T1/cmr/m/n/10 Removing soft-ware would
 []


Overfull \hbox (6.94794pt too wide) in paragraph at lines 128--128
[]|\T1/cmr/m/n/10 40%| 
 []


Overfull \hbox (6.94794pt too wide) in paragraph at lines 128--128
[]|\T1/cmr/m/n/10 40%| 
 []


Overfull \hbox (6.94794pt too wide) in paragraph at lines 128--128
[]|\T1/cmr/m/n/10 20%| 
 []


Overfull \hbox (1.94916pt too wide) in paragraph at lines 128--128
[]|\T1/cmr/m/n/10 0%| 
 []


Overfull \hbox (1.94916pt too wide) in paragraph at lines 128--129
[]|\T1/cmr/m/n/10 0%| 
 []

[17]) (./conclusion.tex [18]) (./main.bbl
./main.bbl:7: Misplaced alignment tab character &.
l.7 Education technology &
                           services, Oct 2019.
I can't figure out why you would want to use a tab mark
here. If you just want an ampersand, the remedy is
simple: Just type `I\&' now. But if some right brace
up above has ended a previous alignment prematurely,
you're probably due for more error messages, and you
might try typing `S' now just to see what is salvageable.

[19] [20]) [21] (./main.aux) ) 
Here is how much of TeX's memory you used:
 6981 strings out of 480681
 103251 string characters out of 5904632
 526237 words of memory out of 5000000
 22655 multiletter control sequences out of 15000+600000
 549159 words of font info for 70 fonts, out of 8000000 for 9000
 1141 hyphenation exceptions out of 8191
 39i,11n,39p,2172b,319s stack positions out of 5000i,500n,10000p,200000b,80000s
{/usr/local/texlive/2020/texmf-dist/fonts/enc/dvips/cm-super/cm-super-t1.enc}{/usr/local/texlive/2020/texmf-dist/fonts/enc/dvips/cm-super/cm-super-ts1.enc}</usr/local/texlive/2020/texmf-dist/fonts/type1/public/cm-super/sfbx0900.pfb></usr/local/texlive/2020/texmf-dist/fonts/type1/public/cm-super/sfbx1000.pfb></usr/local/texlive/2020/texmf-dist/fonts/type1/public/cm-super/sfbx1200.pfb></usr/local/texlive/2020/texmf-dist/fonts/type1/public/cm-super/sfrm0600.pfb></usr/local/texlive/2020/texmf-dist/fonts/type1/public/cm-super/sfrm0800.pfb></usr/local/texlive/2020/texmf-dist/fonts/type1/public/cm-super/sfrm0900.pfb></usr/local/texlive/2020/texmf-dist/fonts/type1/public/cm-super/sfrm1000.pfb></usr/local/texlive/2020/texmf-dist/fonts/type1/public/cm-super/sfrm1200.pfb></usr/local/texlive/2020/texmf-dist/fonts/type1/public/cm-super/sfrm1728.pfb></usr/local/texlive/2020/texmf-dist/fonts/type1/public/cm-super/sfti1000.pfb></usr/local/texlive/2020/texmf-dist/fonts/typ
e1/public/cm-super/sftt0900.pfb>
Output written on main.pdf (21 pages, 619336 bytes).
PDF statistics:
 124 PDF objects out of 1000 (max. 8388607)
 87 compressed objects within 1 object stream
 0 named destinations out of 1000 (max. 500000)
 11 words of extra memory for PDF output out of 10000 (max. 10000000)

